  Building Custom Rule C:/Users/Claire/Desktop/TestAssgnmentProject/CMakeLists.txt
cl : command line  warning D9002: ignoring unknown option '-std=c++11'
  main.cpp
C:\Users\Claire\Desktop\TestAssgnmentProject\main.cpp(46,20): warning C4388: '<': signed/unsigned mismatch
C:\Users\Claire\Desktop\TestAssgnmentProject\main.cpp(47,36): warning C4365: 'argument': conversion from 'int' to 'const unsigned __int64', signed/unsigned mismatch
C:\Users\Claire\Desktop\TestAssgnmentProject\main.cpp(48,35): warning C4365: 'argument': conversion from 'int' to 'const unsigned __int64', signed/unsigned mismatch
C:\Users\Claire\Desktop\TestAssgnmentProject\main.cpp(49,66): warning C4365: 'argument': conversion from 'int' to 'const unsigned __int64', signed/unsigned mismatch
C:\Users\Claire\Desktop\TestAssgnmentProject\main.cpp(57,20): warning C4388: '<': signed/unsigned mismatch
C:\Users\Claire\Desktop\TestAssgnmentProject\main.cpp(58,52): warning C4365: 'argument': conversion from 'int' to 'const unsigned __int64', signed/unsigned mismatch
C:\Users\Claire\Desktop\TestAssgnmentProject\main.cpp(59,71): warning C4365: 'argument': conversion from 'int' to 'const unsigned __int64', signed/unsigned mismatch
C:\Users\Claire\Desktop\TestAssgnmentProject\main.cpp(71,20): warning C4388: '<': signed/unsigned mismatch
C:\Users\Claire\Desktop\TestAssgnmentProject\main.cpp(72,28): warning C4365: 'argument': conversion from 'int' to 'const unsigned __int64', signed/unsigned mismatch
C:\Users\Claire\Desktop\TestAssgnmentProject\Curves.h(12,2): warning C4514: 'Vector3::Vector3': unreferenced inline function has been removed
C:\Users\Claire\Desktop\TestAssgnmentProject\main.cpp(72): warning C5045: Compiler will insert Spectre mitigation for memory load if /Qspectre switch specified
C:\Users\Claire\Desktop\TestAssgnmentProject\main.cpp(71): message : index '' range checked by comparison on this line
C:\Users\Claire\Desktop\TestAssgnmentProject\main.cpp(72): message : feeds call on this line
C:\Users\Claire\Desktop\TestAssgnmentProject\main.cpp(59): warning C5045: Compiler will insert Spectre mitigation for memory load if /Qspectre switch specified
C:\Users\Claire\Desktop\TestAssgnmentProject\main.cpp(57): message : index '' range checked by comparison on this line
C:\Users\Claire\Desktop\TestAssgnmentProject\main.cpp(59): message : feeds call on this line
C:\Users\Claire\Desktop\TestAssgnmentProject\main.cpp(58): warning C5045: Compiler will insert Spectre mitigation for memory load if /Qspectre switch specified
C:\Users\Claire\Desktop\TestAssgnmentProject\main.cpp(57): message : index '' range checked by comparison on this line
C:\Users\Claire\Desktop\TestAssgnmentProject\main.cpp(58): message : feeds call on this line
C:\Users\Claire\Desktop\TestAssgnmentProject\main.cpp(49): warning C5045: Compiler will insert Spectre mitigation for memory load if /Qspectre switch specified
C:\Users\Claire\Desktop\TestAssgnmentProject\main.cpp(46): message : index '' range checked by comparison on this line
C:\Users\Claire\Desktop\TestAssgnmentProject\main.cpp(49): message : feeds call on this line
  MainProject.vcxproj -> C:\Users\Claire\Desktop\TestAssgnmentProject\build\Debug\MainProject.exe
